Change Component Designator: OldDesignator= NewDesignator=Mec?
Change Component Designator: OldDesignator= NewDesignator=Mec?
Change Component Designator: OldDesignator= NewDesignator=Mec?
Change Component Designator: OldDesignator= NewDesignator=Mec?
Change Component Designator: OldDesignator= NewDesignator=Mec?
Change Component Designator: OldDesignator= NewDesignator=Mec?
Change Component Designator: OldDesignator= NewDesignator=Mec?
Added Pin To Net: NetName=+1.8 Pin=B1-P1.1
Added Pin To Net: NetName=+1.8 Pin=B1-P1.2
Added Pin To Net: NetName=+1.8 Pin=B1-P1.4
Added Pin To Net: NetName=+1.8 Pin=C1-2
Added Pin To Net: NetName=+1.8 Pin=C9-1
Added Pin To Net: NetName=+1.8 Pin=C16-2
Added Pin To Net: NetName=+1.8 Pin=U1-2
Added Pin To Net: NetName=+1.8 Pin=U1-8
Added Pin To Net: NetName=+1.8 Pin=U4-1
Added Pin To Net: NetName=+1.8 Pin=U4-8
Added Pin To Net: NetName=+1.8 Pin=U7-1
Added Pin To Net: NetName=+1.8 Pin=U7-8
Added Net: Name=+1.8
Added Pin To Net: NetName=+3.3-GPS Pin=C13-2
Added Pin To Net: NetName=+3.3-GPS Pin=JP1-2
Added Net: Name=+3.3-GPS
Added Pin To Net: NetName=+3.3 Pin=B1-P20.9
Added Pin To Net: NetName=+3.3 Pin=C2-2
Added Pin To Net: NetName=+3.3 Pin=C3-2
Added Pin To Net: NetName=+3.3 Pin=C8-2
Added Pin To Net: NetName=+3.3 Pin=C10-2
Added Pin To Net: NetName=+3.3 Pin=C17-2
Added Pin To Net: NetName=+3.3 Pin=J7-4
Added Pin To Net: NetName=+3.3 Pin=JP1-1
Added Pin To Net: NetName=+3.3 Pin=SB2-2
Added Pin To Net: NetName=+3.3 Pin=U1-15
Added Pin To Net: NetName=+3.3 Pin=U2-17
Added Pin To Net: NetName=+3.3 Pin=U2-18
Added Pin To Net: NetName=+3.3 Pin=U3-3
Added Pin To Net: NetName=+3.3 Pin=U4-14
Added Pin To Net: NetName=+3.3 Pin=U5-3
Added Pin To Net: NetName=+3.3 Pin=U7-14
Added Net: Name=+3.3
Added Pin To Net: NetName=+5 Pin=B1-P1.5
Added Net: Name=+5
Added Pin To Net: NetName=GND Pin=B1-P1.6
Added Pin To Net: NetName=GND Pin=B1-P1.7
Added Pin To Net: NetName=GND Pin=B1-P4.7
Added Pin To Net: NetName=GND Pin=B1-P24.19
Added Pin To Net: NetName=GND Pin=B1-P24.20
Added Pin To Net: NetName=GND Pin=C1-1
Added Pin To Net: NetName=GND Pin=C2-1
Added Pin To Net: NetName=GND Pin=C3-1
Added Pin To Net: NetName=GND Pin=C4-1
Added Pin To Net: NetName=GND Pin=C5-1
Added Pin To Net: NetName=GND Pin=C6-1
Added Pin To Net: NetName=GND Pin=C7-1
Added Pin To Net: NetName=GND Pin=C8-1
Added Pin To Net: NetName=GND Pin=C9-2
Added Pin To Net: NetName=GND Pin=C10-1
Added Pin To Net: NetName=GND Pin=C11-2
Added Pin To Net: NetName=GND Pin=C12-2
Added Pin To Net: NetName=GND Pin=C13-1
Added Pin To Net: NetName=GND Pin=C15-1
Added Pin To Net: NetName=GND Pin=C16-1
Added Pin To Net: NetName=GND Pin=C17-1
Added Pin To Net: NetName=GND Pin=C18-1
Added Pin To Net: NetName=GND Pin=D1-3
Added Pin To Net: NetName=GND Pin=J1-3
Added Pin To Net: NetName=GND Pin=J1-9
Added Pin To Net: NetName=GND Pin=J2-3
Added Pin To Net: NetName=GND Pin=J2-9
Added Pin To Net: NetName=GND Pin=J3-4
Added Pin To Net: NetName=GND Pin=J4-1
Added Pin To Net: NetName=GND Pin=J5-2
Added Pin To Net: NetName=GND Pin=J5-2
Added Pin To Net: NetName=GND Pin=J5-2
Added Pin To Net: NetName=GND Pin=J5-2
Added Pin To Net: NetName=GND Pin=J6-4
Added Pin To Net: NetName=GND Pin=J7-6
Added Pin To Net: NetName=GND Pin=SB3-1
Added Pin To Net: NetName=GND Pin=SB4-1
Added Pin To Net: NetName=GND Pin=T1-1
Added Pin To Net: NetName=GND Pin=U1-9
Added Pin To Net: NetName=GND Pin=U2-8
Added Pin To Net: NetName=GND Pin=U2-21
Added Pin To Net: NetName=GND Pin=U3-2
Added Pin To Net: NetName=GND Pin=U4-7
Added Pin To Net: NetName=GND Pin=U5-2
Added Pin To Net: NetName=GND Pin=U6-2
Added Pin To Net: NetName=GND Pin=U6-3
Added Pin To Net: NetName=GND Pin=U7-7
Added Pin To Net: NetName=GND Pin=X1-2
Added Pin To Net: NetName=GND Pin=X1-4
Added Net: Name=GND
Added Pin To Net: NetName=NetB1_P2.2 Pin=B1-P2.2
Added Pin To Net: NetName=NetB1_P2.2 Pin=U7-5
Added Net: Name=NetB1_P2.2
Added Pin To Net: NetName=NetB1_P2.3 Pin=B1-P2.3
Added Pin To Net: NetName=NetB1_P2.3 Pin=U7-4
Added Net: Name=NetB1_P2.3
Added Pin To Net: NetName=NetB1_P2.4 Pin=B1-P2.4
Added Pin To Net: NetName=NetB1_P2.4 Pin=U7-3
Added Net: Name=NetB1_P2.4
Added Pin To Net: NetName=NetB1_P2.5 Pin=B1-P2.5
Added Pin To Net: NetName=NetB1_P2.5 Pin=U7-2
Added Net: Name=NetB1_P2.5
Added Pin To Net: NetName=NetB1_P2.6 Pin=B1-P2.6
Added Pin To Net: NetName=NetB1_P2.6 Pin=J7-9
Added Net: Name=NetB1_P2.6
Added Pin To Net: NetName=NetB1_P4.1 Pin=B1-P4.1
Added Pin To Net: NetName=NetB1_P4.1 Pin=U1-7
Added Net: Name=NetB1_P4.1
Added Pin To Net: NetName=NetB1_P4.2 Pin=B1-P4.2
Added Pin To Net: NetName=NetB1_P4.2 Pin=U1-5
Added Net: Name=NetB1_P4.2
Added Pin To Net: NetName=NetB1_P4.3 Pin=B1-P4.3
Added Pin To Net: NetName=NetB1_P4.3 Pin=U1-4
Added Net: Name=NetB1_P4.3
Added Pin To Net: NetName=NetB1_P4.4 Pin=B1-P4.4
Added Pin To Net: NetName=NetB1_P4.4 Pin=U1-3
Added Net: Name=NetB1_P4.4
Added Pin To Net: NetName=NetB1_P4.5 Pin=B1-P4.5
Added Pin To Net: NetName=NetB1_P4.5 Pin=U1-1
Added Net: Name=NetB1_P4.5
Added Pin To Net: NetName=NetB1_P4.6 Pin=B1-P4.6
Added Pin To Net: NetName=NetB1_P4.6 Pin=U4-5
Added Net: Name=NetB1_P4.6
Added Pin To Net: NetName=NetB1_P4.8 Pin=B1-P4.8
Added Pin To Net: NetName=NetB1_P4.8 Pin=U4-4
Added Net: Name=NetB1_P4.8
Added Pin To Net: NetName=NetB1_P4.9 Pin=B1-P4.9
Added Pin To Net: NetName=NetB1_P4.9 Pin=U4-3
Added Net: Name=NetB1_P4.9
Added Pin To Net: NetName=NetB1_P4.10 Pin=B1-P4.10
Added Pin To Net: NetName=NetB1_P4.10 Pin=U4-2
Added Net: Name=NetB1_P4.10
Added Pin To Net: NetName=NetC4_2 Pin=C4-2
Added Pin To Net: NetName=NetC4_2 Pin=U2-7
Added Pin To Net: NetName=NetC4_2 Pin=X1-3
Added Net: Name=NetC4_2
Added Pin To Net: NetName=NetC5_2 Pin=C5-2
Added Pin To Net: NetName=NetC5_2 Pin=U2-6
Added Pin To Net: NetName=NetC5_2 Pin=X1-1
Added Net: Name=NetC5_2
Added Pin To Net: NetName=NetC6_2 Pin=C6-2
Added Pin To Net: NetName=NetC6_2 Pin=J1-8
Added Pin To Net: NetName=NetC6_2 Pin=J2-8
Added Pin To Net: NetName=NetC6_2 Pin=L1-3
Added Pin To Net: NetName=NetC6_2 Pin=SB5-2
Added Net: Name=NetC6_2
Added Pin To Net: NetName=NetC7_2 Pin=C7-2
Added Pin To Net: NetName=NetC7_2 Pin=J1-4
Added Pin To Net: NetName=NetC7_2 Pin=J2-4
Added Pin To Net: NetName=NetC7_2 Pin=L1-4
Added Pin To Net: NetName=NetC7_2 Pin=SB6-2
Added Net: Name=NetC7_2
Added Pin To Net: NetName=NetC12_1 Pin=C12-1
Added Pin To Net: NetName=NetC12_1 Pin=L2-2
Added Pin To Net: NetName=NetC12_1 Pin=U5-1
Added Net: Name=NetC12_1
Added Pin To Net: NetName=NetC14_1 Pin=C14-1
Added Pin To Net: NetName=NetC14_1 Pin=J5-1
Added Pin To Net: NetName=NetC14_1 Pin=L3-2
Added Net: Name=NetC14_1
Added Pin To Net: NetName=NetC15_2 Pin=C15-2
Added Pin To Net: NetName=NetC15_2 Pin=L3-1
Added Pin To Net: NetName=NetC15_2 Pin=R1-2
Added Pin To Net: NetName=NetC15_2 Pin=U6-1
Added Net: Name=NetC15_2
Added Pin To Net: NetName=NetC18_2 Pin=C18-2
Added Pin To Net: NetName=NetC18_2 Pin=R3-1
Added Pin To Net: NetName=NetC18_2 Pin=R4-1
Added Net: Name=NetC18_2
Added Pin To Net: NetName=NetD1_1 Pin=D1-1
Added Pin To Net: NetName=NetD1_1 Pin=L1-1
Added Pin To Net: NetName=NetD1_1 Pin=U3-7
Added Net: Name=NetD1_1
Added Pin To Net: NetName=NetD1_2 Pin=D1-2
Added Pin To Net: NetName=NetD1_2 Pin=L1-2
Added Pin To Net: NetName=NetD1_2 Pin=U3-6
Added Net: Name=NetD1_2
Added Pin To Net: NetName=NetJ1_6 Pin=J1-6
Added Pin To Net: NetName=NetJ1_6 Pin=J2-6
Added Pin To Net: NetName=NetJ1_6 Pin=SB1-2
Added Net: Name=NetJ1_6
Added Pin To Net: NetName=NetJ1_10 Pin=J1-10
Added Pin To Net: NetName=NetJ1_10 Pin=J1-11
Added Pin To Net: NetName=NetJ1_10 Pin=SB3-2
Added Net: Name=NetJ1_10
Added Pin To Net: NetName=NetJ2_10 Pin=J2-10
Added Pin To Net: NetName=NetJ2_10 Pin=J2-11
Added Pin To Net: NetName=NetJ2_10 Pin=SB4-2
Added Net: Name=NetJ2_10
Added Pin To Net: NetName=NetJ3_1 Pin=J3-1
Added Pin To Net: NetName=NetJ3_1 Pin=SB2-1
Added Net: Name=NetJ3_1
Added Pin To Net: NetName=NetJ3_2 Pin=J3-2
Added Pin To Net: NetName=NetJ3_2 Pin=U4-11
Added Net: Name=NetJ3_2
Added Pin To Net: NetName=NetJ3_3 Pin=J3-3
Added Pin To Net: NetName=NetJ3_3 Pin=U4-10
Added Net: Name=NetJ3_3
Added Pin To Net: NetName=NetJ6_1 Pin=J6-1
Added Pin To Net: NetName=NetJ6_1 Pin=JP1-3
Added Net: Name=NetJ6_1
Added Pin To Net: NetName=NetJ6_2 Pin=J6-2
Added Pin To Net: NetName=NetJ6_2 Pin=JP2-3
Added Net: Name=NetJ6_2
Added Pin To Net: NetName=NetJ6_3 Pin=J6-3
Added Pin To Net: NetName=NetJ6_3 Pin=JP3-3
Added Net: Name=NetJ6_3
Added Pin To Net: NetName=NetJ7_2 Pin=J7-2
Added Pin To Net: NetName=NetJ7_2 Pin=U7-10
Added Net: Name=NetJ7_2
Added Pin To Net: NetName=NetJ7_3 Pin=J7-3
Added Pin To Net: NetName=NetJ7_3 Pin=U7-12
Added Net: Name=NetJ7_3
Added Pin To Net: NetName=NetJ7_5 Pin=J7-5
Added Pin To Net: NetName=NetJ7_5 Pin=U7-13
Added Net: Name=NetJ7_5
Added Pin To Net: NetName=NetJ7_7 Pin=J7-7
Added Pin To Net: NetName=NetJ7_7 Pin=U7-11
Added Net: Name=NetJ7_7
Added Pin To Net: NetName=NetJP2_1 Pin=JP2-1
Added Pin To Net: NetName=NetJP2_1 Pin=U4-12
Added Net: Name=NetJP2_1
Added Pin To Net: NetName=NetJP3_1 Pin=JP3-1
Added Pin To Net: NetName=NetJP3_1 Pin=U4-13
Added Net: Name=NetJP3_1
Added Pin To Net: NetName=NetR1_1 Pin=R1-1
Added Pin To Net: NetName=NetR1_1 Pin=T1-3
Added Pin To Net: NetName=NetR1_1 Pin=T1-5
Added Net: Name=NetR1_1
Added Pin To Net: NetName=NetR2_1 Pin=R2-1
Added Pin To Net: NetName=NetR2_1 Pin=T1-4
Added Pin To Net: NetName=NetR2_1 Pin=U6-5
Added Net: Name=NetR2_1
Added Pin To Net: NetName=NetR2_2 Pin=R2-2
Added Pin To Net: NetName=NetR2_2 Pin=T1-5
Added Pin To Net: NetName=NetR2_2 Pin=T1-6
Added Net: Name=NetR2_2
Added Pin To Net: NetName=NetR3_2 Pin=R3-2
Added Pin To Net: NetName=NetR3_2 Pin=SB5-1
Added Net: Name=NetR3_2
Added Pin To Net: NetName=NetR4_2 Pin=R4-2
Added Pin To Net: NetName=NetR4_2 Pin=SB6-1
Added Net: Name=NetR4_2
Added Pin To Net: NetName=NetU1_10 Pin=U1-10
Added Pin To Net: NetName=NetU1_10 Pin=U2-11
Added Net: Name=NetU1_10
Added Pin To Net: NetName=NetU1_12 Pin=U1-12
Added Pin To Net: NetName=NetU1_12 Pin=U2-15
Added Net: Name=NetU1_12
Added Pin To Net: NetName=NetU1_13 Pin=U1-13
Added Pin To Net: NetName=NetU1_13 Pin=U2-14
Added Net: Name=NetU1_13
Added Pin To Net: NetName=NetU1_14 Pin=U1-14
Added Pin To Net: NetName=NetU1_14 Pin=U2-12
Added Net: Name=NetU1_14
Added Pin To Net: NetName=NetU1_16 Pin=U1-16
Added Pin To Net: NetName=NetU1_16 Pin=U2-16
Added Net: Name=NetU1_16
Added Pin To Net: NetName=NetU2_19 Pin=U2-19
Added Pin To Net: NetName=NetU2_19 Pin=U3-1
Added Net: Name=NetU2_19
Added Pin To Net: NetName=NetU2_20 Pin=U2-20
Added Pin To Net: NetName=NetU2_20 Pin=U3-4
Added Net: Name=NetU2_20
Added Pin To Net: NetName=Vin Pin=C11-1
Added Pin To Net: NetName=Vin Pin=J4-2
Added Pin To Net: NetName=Vin Pin=L2-1
Added Pin To Net: NetName=Vin Pin=SB1-1
Added Net: Name=Vin
Added Class: Name=CanController
Added Class: Name=GPS-SD
Added Class: Name=nRF7002-DK
Added Room: Name=CanController
Added Room: Name=GPS-SD
Added Room: Name=nRF7002-DK
