Removed Pin From Net: NetName=NetC6_2 Pin=R3-2
Removed Pin From Net: NetName=NetC7_2 Pin=R4-2
Added Component: Designator=SB5(Solder Bridge 1mm Unconnected)
Add component (AddParameter): Name = "Value"; Value = ""; VariantName = "[No Variations]"
Added Component: Designator=SB6(Solder Bridge 1mm Unconnected)
Add component (AddParameter): Name = "Value"; Value = ""; VariantName = "[No Variations]"
Added Pin To Net: NetName=NetC6_2 Pin=SB5-2
Added Pin To Net: NetName=NetC7_2 Pin=SB6-2
Added Pin To Net: NetName=NetR2_2 Pin=T1-5
Added Pin To Net: NetName=NetR3_2 Pin=R3-2
Added Pin To Net: NetName=NetR3_2 Pin=SB5-1
Added Net: Name=NetR3_2
Added Pin To Net: NetName=NetR4_2 Pin=R4-2
Added Pin To Net: NetName=NetR4_2 Pin=SB6-1
Added Net: Name=NetR4_2
Added Member To Class: ClassName=CanController Member=Component SB5 *
Added Member To Class: ClassName=CanController Member=Component SB6 *
Added Room: Name=CanController
Added Room: Name=GPS-SD
Added Room: Name=nRF7002-DK
