Added Component: Designator=J?(D-SUB 9 MALE ANGLE)
Add component (AddParameter): Name = "value"; Value = ""; VariantName = "[No Variations]"
Added Component: Designator=J?(D-SUB 9 MALE ANGLE)
Add component (AddParameter): Name = "value"; Value = ""; VariantName = "[No Variations]"
Added Component: Designator=SB?(Solder Bridge 1mm Unconnected)
Add component (AddParameter): Name = "Value"; Value = ""; VariantName = "[No Variations]"
Added Component: Designator=SB?(Solder Bridge 1mm Unconnected)
Add component (AddParameter): Name = "Value"; Value = ""; VariantName = "[No Variations]"
Added Pin To Net: NetName=GND Pin=J?-3
Added Pin To Net: NetName=GND Pin=J?-3
Added Pin To Net: NetName=NetC7_2 Pin=J?-4
Added Pin To Net: NetName=NetC7_2 Pin=J?-4
Added Pin To Net: NetName=NetC6_2 Pin=J?-8
Added Pin To Net: NetName=NetC6_2 Pin=J?-8
Added Pin To Net: NetName=GND Pin=J?-9
Added Pin To Net: NetName=GND Pin=J?-9
Added Pin To Net: NetName=GND Pin=SB?-1
Added Pin To Net: NetName=GND Pin=SB?-1
Added Pin To Net: NetName=NetR1_1 Pin=T1-5
Added Pin To Net: NetName=NetJ?_6 Pin=J?-6
Added Pin To Net: NetName=NetJ?_6 Pin=J?-6
Added Pin To Net: NetName=NetJ?_6 Pin=SB1-2
Added Net: Name=NetJ?_6
Added Pin To Net: NetName=NetJ?_10 Pin=J?-10
Added Pin To Net: NetName=NetJ?_10 Pin=J?-11
Added Pin To Net: NetName=NetJ?_10 Pin=SB?-2
Added Net: Name=NetJ?_10
Added Member To Class: ClassName=CanController Member=Component J? D-SUB 9 MALE GROUNDED
Added Member To Class: ClassName=CanController Member=Component J? D-SUB 9 MALE GROUNDED
Added Member To Class: ClassName=CanController Member=Component SB? *
Added Member To Class: ClassName=CanController Member=Component SB? *
Added Room: Name=CanController
Added Room: Name=GPS-SD
Added Room: Name=nRF7002-DK
