Removed Pin From Net: NetName=NetC18_2 Pin=R3-1
Removed Pin From Net: NetName=NetC18_2 Pin=R4-1
Removed Member From Class: ClassName=CanController Member=R3
Removed Member From Class: ClassName=CanController Member=R4
Added Component: Designator=R?(RESISTOR 1608 REFLOW)
Add component (AddParameter): Name = "Value"; Value = ""; VariantName = "[No Variations]"
Added Component: Designator=R?(RESISTOR 1608 REFLOW)
Add component (AddParameter): Name = "Value"; Value = ""; VariantName = "[No Variations]"
Added Component: Designator=R?(RESISTOR 1608 REFLOW)
Add component (AddParameter): Name = "Value"; Value = ""; VariantName = "[No Variations]"
Added Component: Designator=R?(RESISTOR 1608 REFLOW)
Add component (AddParameter): Name = "Value"; Value = ""; VariantName = "[No Variations]"
Added Pin To Net: NetName=NetC18_2 Pin=R?-1
Added Pin To Net: NetName=NetC18_2 Pin=R?-1
Added Pin To Net: NetName=NetC18_2 Pin=R?-1
Added Pin To Net: NetName=NetC18_2 Pin=R?-1
Added Pin To Net: NetName=NetR2_2 Pin=T1-5
Added Pin To Net: NetName=NetR?_2 Pin=R?-2
Added Pin To Net: NetName=NetR?_2 Pin=R?-2
Added Pin To Net: NetName=NetR?_2 Pin=SB5-1
Added Net: Name=NetR?_2
Added Member To Class: ClassName=nRF7002-DK Member=Component Mec2
Added Member To Class: ClassName=CanController Member=Component R? 120
Added Member To Class: ClassName=CanController Member=Component R? 120
Added Member To Class: ClassName=CanController Member=Component R? 120
Added Member To Class: ClassName=CanController Member=Component R? 120
Added Room: Name=CanController
Added Room: Name=GPS-SD
Added Room: Name=nRF7002-DK
