Added Component: Designator=R3(RESISTOR 1608 REFLOW)
Add component (AddParameter): Name = "Value"; Value = ""; VariantName = "[No Variations]"
Added Component: Designator=R4(RESISTOR 1608 REFLOW)
Add component (AddParameter): Name = "Value"; Value = ""; VariantName = "[No Variations]"
Added Component: Designator=R5(RESISTOR 1608 REFLOW)
Add component (AddParameter): Name = "Value"; Value = ""; VariantName = "[No Variations]"
Added Component: Designator=R6(RESISTOR 1608 REFLOW)
Add component (AddParameter): Name = "Value"; Value = ""; VariantName = "[No Variations]"
Added Pin To Net: NetName=NetC18_2 Pin=R3-1
Added Pin To Net: NetName=NetC18_2 Pin=R4-1
Added Pin To Net: NetName=NetC18_2 Pin=R5-1
Added Pin To Net: NetName=NetC18_2 Pin=R6-1
Added Pin To Net: NetName=NetR1_1 Pin=T1-5
Added Pin To Net: NetName=NetR3_2 Pin=R3-2
Added Pin To Net: NetName=NetR3_2 Pin=R4-2
Added Pin To Net: NetName=NetR3_2 Pin=SB5-1
Added Net: Name=NetR3_2
Added Pin To Net: NetName=NetR5_2 Pin=R5-2
Added Pin To Net: NetName=NetR5_2 Pin=R6-2
Added Pin To Net: NetName=NetR5_2 Pin=SB6-1
Added Net: Name=NetR5_2
Added Member To Class: ClassName=CanController Member=Component R3 120
Added Member To Class: ClassName=CanController Member=Component R4 120
Added Member To Class: ClassName=CanController Member=Component R5 120
Added Member To Class: ClassName=CanController Member=Component R6 120
Added Room: Name=CanController
Added Room: Name=GPS-SD
Added Room: Name=nRF7002-DK
