Removed Pin From Net: NetName=NetC7_2 Pin=J1-4
Removed Pin From Net: NetName=NetC6_2 Pin=J1-8
Removed Pin From Net: NetName=GND Pin=J1-9
Removed Pin From Net: NetName=NetC7_2 Pin=J2-4
Removed Pin From Net: NetName=NetC6_2 Pin=J2-8
Removed Pin From Net: NetName=GND Pin=J2-9
Change Component Footprint: Designator=J1 Old Footprint=D-SUB 9 MALE ANGLE New Footprint=D-SUB 9 FEM Amphenol LD09S13A4GX00LF
Change Component Footprint: Designator=J2 Old Footprint=D-SUB 9 MALE ANGLE New Footprint=D-SUB 9 FEM Amphenol LD09S13A4GX00LF
Change Component Comment : Designator=J1 Old Comment=D-SUB 9 MALE GROUNDED New Comment=D-SUB 9 FEM GROUNDED
Change Component Comment : Designator=J2 Old Comment=D-SUB 9 MALE GROUNDED New Comment=D-SUB 9 FEM GROUNDED
Added Pin To Net: NetName=NetC6_2 Pin=J1-2
Added Pin To Net: NetName=GND Pin=J1-6
Added Pin To Net: NetName=NetC7_2 Pin=J1-7
Added Pin To Net: NetName=NetC6_2 Pin=J2-2
Added Pin To Net: NetName=GND Pin=J2-6
Added Pin To Net: NetName=NetC7_2 Pin=J2-7
Added Pin To Net: NetName=NetR1_1 Pin=T1-5
Added Pin To Net: NetName=NetJ1_9 Pin=J1-9
Added Pin To Net: NetName=NetJ1_9 Pin=J2-9
Added Pin To Net: NetName=NetJ1_9 Pin=SB1-2
Added Net: Name=NetJ1_9
Added Room: Name=CanController
Added Room: Name=GPS-SD
Added Room: Name=nRF7002-DK
